Using pre-set license
Built from '2021.1/staging' branch; Version is '2021.1.3f1 (4bef613afd59) revision 4976481'; Using compiler version '192528614'; Build Type 'Release'
OS: 'Windows 10 Home; OS build 19041.928; Version 2004; 64bit' Language: 'de' Physical Memory: 16249 MB
BatchMode: 1, IsHumanControllingUs: 0, StartBugReporterOnCrash: 0, Is64bit: 1, IsPro: 0

 COMMAND LINE ARGUMENTS:
D:\Programme\UnityVersions\2021.1.3f1\Editor\Unity.exe
-adb2
-batchMode
-noUpm
-name
AssetImportWorker0
-projectPath
D:/GameDesign/UnityProjekte/MajulaFall_LD48
-logFile
Logs/AssetImportWorker0.log
-srvPort
59047
Successfully changed project path to: D:/GameDesign/UnityProjekte/MajulaFall_LD48
D:/GameDesign/UnityProjekte/MajulaFall_LD48
Using Asset Import Pipeline V2.
Refreshing native plugins compatible for Editor in 109.03 ms, found 1 plugins.
Preloading 0 native plugins for Editor in 0.00 ms.
Initialize engine version: 2021.1.3f1 (4bef613afd59)
[Subsystems] Discovering subsystems at path D:/Programme/UnityVersions/2021.1.3f1/Editor/Data/Resources/UnitySubsystems
[Subsystems] Discovering subsystems at path D:/GameDesign/UnityProjekte/MajulaFall_LD48/Assets
GfxDevice: creating device client; threaded=0; jobified=0
Direct3D:
    Version:  Direct3D 11.0 [level 11.1]
    Renderer: NVIDIA GeForce GTX 1060 with Max-Q Design (ID=0x1c20)
    Vendor:   NVIDIA
    VRAM:     6052 MB
    Driver:   27.21.14.6589
Initialize mono
Mono path[0] = 'D:/Programme/UnityVersions/2021.1.3f1/Editor/Data/Managed'
Mono path[1] = 'D:/Programme/UnityVersions/2021.1.3f1/Editor/Data/MonoBleedingEdge/lib/mono/unityjit'
Mono config path = 'D:/Programme/UnityVersions/2021.1.3f1/Editor/Data/MonoBleedingEdge/etc'
Using monoOptions --debugger-agent=transport=dt_socket,embedding=1,server=y,suspend=n,address=127.0.0.1:56540
Begin MonoManager ReloadAssembly
Registering precompiled unity dll's ...
Register platform support module: D:/Programme/UnityVersions/2021.1.3f1/Editor/Data/PlaybackEngines/WebGLSupport/UnityEditor.WebGL.Extensions.dll
Register platform support module: D:/Programme/UnityVersions/2021.1.3f1/Editor/Data/PlaybackEngines/WindowsStandaloneSupport/UnityEditor.WindowsStandalone.Extensions.dll
Registered in 0.001638 seconds.
Native extension for WindowsStandalone target not found
Native extension for WebGL target not found
Refreshing native plugins compatible for Editor in 168.76 ms, found 1 plugins.
Preloading 0 native plugins for Editor in 0.00 ms.
Mono: successfully reloaded assembly
- Completed reload, in  1.681 seconds
Platform modules already initialized, skipping
Registering precompiled user dll's ...
Registered in 0.009680 seconds.
Begin MonoManager ReloadAssembly
Native extension for WindowsStandalone target not found
Native extension for WebGL target not found
Refreshing native plugins compatible for Editor in 0.69 ms, found 1 plugins.
Preloading 0 native plugins for Editor in 0.00 ms.
Mono: successfully reloaded assembly
- Completed reload, in  1.341 seconds
Platform modules already initialized, skipping
========================================================================
Worker process is ready to serve import requests
Launched and connected shader compiler UnityShaderCompiler.exe after 0.06 seconds
Refreshing native plugins compatible for Editor in 0.93 ms, found 1 plugins.
Preloading 0 native plugins for Editor in 0.00 ms.
Unloading 2669 Unused Serialized files (Serialized files now loaded: 0)
System memory in use before: 98.2 MB.
System memory in use after: 98.4 MB.

Unloading 14 unused Assets to reduce memory usage. Loaded Objects now: 3122.
Total: 3.631200 ms (FindLiveObjects: 0.430000 ms CreateObjectMapping: 0.190500 ms MarkObjects: 2.927600 ms  DeleteObjects: 0.081600 ms)

========================================================================
Received Import Request.
  path: Assets/playerDings.fbx
  artifactKey: Guid(0c42bcde4d1aa72439316353334c42d8) Importer(815301076,1909f56bfc062723c751e8b465ee728b)
Start importing Assets/playerDings.fbx using Guid(0c42bcde4d1aa72439316353334c42d8) Importer(815301076,1909f56bfc062723c751e8b465ee728b)  -> (artifact id: 'b5b28c75cd559deda2dda2261c9d61d8') in 0.649849 seconds 
========================================================================
Received Import Request.
  Time since last request: 0.000404 seconds.
  path: Assets/EBGaramond-Regular.ttf
  artifactKey: Guid(b4f2e850e58388a45912a6720151f1f7) Importer(815301076,1909f56bfc062723c751e8b465ee728b)
Start importing Assets/EBGaramond-Regular.ttf using Guid(b4f2e850e58388a45912a6720151f1f7) Importer(815301076,1909f56bfc062723c751e8b465ee728b)  -> (artifact id: '0eb072ffb4f8917ab824a6324aabb46c') in 0.143660 seconds 
========================================================================
Received Import Request.
  Time since last request: 0.000293 seconds.
  path: Assets/allAnimations.fbx
  artifactKey: Guid(a84d3574a627e8d43a5678701c63df2c) Importer(815301076,1909f56bfc062723c751e8b465ee728b)
Start importing Assets/allAnimations.fbx using Guid(a84d3574a627e8d43a5678701c63df2c) Importer(815301076,1909f56bfc062723c751e8b465ee728b)  -> (artifact id: '3660787638f998d8d74144dfea200349') in 0.067133 seconds 
========================================================================
Received Import Request.
  Time since last request: 0.000324 seconds.
  path: Assets/wellWandNew.fbx
  artifactKey: Guid(cacdce666a0e4eb4c91f80d3b8e6ce2a) Importer(815301076,1909f56bfc062723c751e8b465ee728b)
Start importing Assets/wellWandNew.fbx using Guid(cacdce666a0e4eb4c91f80d3b8e6ce2a) Importer(815301076,1909f56bfc062723c751e8b465ee728b)  -> (artifact id: 'fe6d1c7150b9bb957ea6a358678ea07d') in 0.074547 seconds 
========================================================================
Received Import Request.
  Time since last request: 0.000259 seconds.
  path: Assets/plane.fbx
  artifactKey: Guid(7a7340d01e402994cb74fa1b5406dc2b) Importer(815301076,1909f56bfc062723c751e8b465ee728b)
Start importing Assets/plane.fbx using Guid(7a7340d01e402994cb74fa1b5406dc2b) Importer(815301076,1909f56bfc062723c751e8b465ee728b)  -> (artifact id: '8705998e7f780a12fa6ce35c8b4ff95f') in 0.010341 seconds 
========================================================================
Received Import Request.
  Time since last request: 0.000293 seconds.
  path: Assets/overlay.png
  artifactKey: Guid(f38fc6d79d756a04ba06eaaacb75708c) Importer(815301076,1909f56bfc062723c751e8b465ee728b)
Start importing Assets/overlay.png using Guid(f38fc6d79d756a04ba06eaaacb75708c) Importer(815301076,1909f56bfc062723c751e8b465ee728b)  -> (artifact id: '4b12d7ddd9c6aae0a69f6a4375feb0a5') in 0.051971 seconds 
========================================================================
Received Import Request.
  Time since last request: 0.000216 seconds.
  path: Assets/playerDingsIdleRun.fbx
  artifactKey: Guid(8afdd3ffaed09a94d8971c72c2d00194) Importer(815301076,1909f56bfc062723c751e8b465ee728b)
Start importing Assets/playerDingsIdleRun.fbx using Guid(8afdd3ffaed09a94d8971c72c2d00194) Importer(815301076,1909f56bfc062723c751e8b465ee728b)  -> (artifact id: '0c9057cc0e359d13c34a4f622a3f990b') in 0.011146 seconds 
========================================================================
Received Import Request.
  Time since last request: 0.000614 seconds.
  path: Assets/asdasd.png
  artifactKey: Guid(f5e513a34a74edd4fad4eae7645b29d1) Importer(815301076,1909f56bfc062723c751e8b465ee728b)
Start importing Assets/asdasd.png using Guid(f5e513a34a74edd4fad4eae7645b29d1) Importer(815301076,1909f56bfc062723c751e8b465ee728b)  -> (artifact id: '25b279710bc1fe692ee26148f5795d09') in 0.018336 seconds 
========================================================================
Received Import Request.
  Time since last request: 0.000224 seconds.
  path: Assets/plane2.fbx
  artifactKey: Guid(7e7965f746d78484fa60aa5940075eff) Importer(815301076,1909f56bfc062723c751e8b465ee728b)
Start importing Assets/plane2.fbx using Guid(7e7965f746d78484fa60aa5940075eff) Importer(815301076,1909f56bfc062723c751e8b465ee728b)  -> (artifact id: '5260382e2b0e8ba5df724f7e4f9faee8') in 0.021552 seconds 
========================================================================
Received Import Request.
  Time since last request: 0.000219 seconds.
  path: Assets/runJumpDrink.fbx
  artifactKey: Guid(5f301f7641e5e3a4fa82d5b997958be5) Importer(815301076,1909f56bfc062723c751e8b465ee728b)
Start importing Assets/runJumpDrink.fbx using Guid(5f301f7641e5e3a4fa82d5b997958be5) Importer(815301076,1909f56bfc062723c751e8b465ee728b)  -> (artifact id: '7a2b6e25b32bb83fae7bd9c110995362') in 0.050907 seconds 
========================================================================
Received Import Request.
  Time since last request: 2.227331 seconds.
  path: Assets/Scenes
  artifactKey: Guid(fb53c49fdfd28d747bbe8e68931d90de) Importer(815301076,1909f56bfc062723c751e8b465ee728b)
Start importing Assets/Scenes using Guid(fb53c49fdfd28d747bbe8e68931d90de) Importer(815301076,1909f56bfc062723c751e8b465ee728b)  -> (artifact id: 'a4093768001014950f09b5e0492021a1') in 0.009054 seconds 
========================================================================
Received Import Request.
  Time since last request: 4.218293 seconds.
  path: Assets/Scenes/SampleScene.unity
  artifactKey: Guid(9fc0d4010bbf28b4594072e72b8655ab) Importer(815301076,1909f56bfc062723c751e8b465ee728b)
Start importing Assets/Scenes/SampleScene.unity using Guid(9fc0d4010bbf28b4594072e72b8655ab) Importer(815301076,1909f56bfc062723c751e8b465ee728b)  -> (artifact id: 'e2b09a7ccc13730eecba35f398d16277') in 0.008977 seconds 
========================================================================
Received Import Request.
  Time since last request: 14.108918 seconds.
  path: Assets/Materials/bogen.fbx
  artifactKey: Guid(879a327b1ad235f4cbc662fc3d7209ed) Importer(815301076,1909f56bfc062723c751e8b465ee728b)
Start importing Assets/Materials/bogen.fbx using Guid(879a327b1ad235f4cbc662fc3d7209ed) Importer(815301076,1909f56bfc062723c751e8b465ee728b)  -> (artifact id: '8594c724d823bf8ca378acdf8f996b1a') in 0.019258 seconds 
========================================================================
Received Import Request.
  Time since last request: 0.000391 seconds.
  path: Assets/Materials/New Material 1.mat
  artifactKey: Guid(918fe02bc46bf524c9b8641f972514a3) Importer(815301076,1909f56bfc062723c751e8b465ee728b)
Start importing Assets/Materials/New Material 1.mat using Guid(918fe02bc46bf524c9b8641f972514a3) Importer(815301076,1909f56bfc062723c751e8b465ee728b)  -> (artifact id: '395770661bde3de6d19a86e1dcea3a1e') in 0.023979 seconds 
========================================================================
Received Import Request.
  Time since last request: 0.000381 seconds.
  path: Assets/Materials/New Material 3.mat
  artifactKey: Guid(417e33d5a6f1ec946abafc9411133591) Importer(815301076,1909f56bfc062723c751e8b465ee728b)
Start importing Assets/Materials/New Material 3.mat using Guid(417e33d5a6f1ec946abafc9411133591) Importer(815301076,1909f56bfc062723c751e8b465ee728b)  -> (artifact id: '867fc4ce03d10f0b76f743aa8590b425') in 0.180335 seconds 
========================================================================
Received Import Request.
  Time since last request: 0.000289 seconds.
  path: Assets/Materials/playerChar3.fbx
  artifactKey: Guid(d48d6a8c0c681804eb08ae7023a32597) Importer(815301076,1909f56bfc062723c751e8b465ee728b)
Start importing Assets/Materials/playerChar3.fbx using Guid(d48d6a8c0c681804eb08ae7023a32597) Importer(815301076,1909f56bfc062723c751e8b465ee728b)  -> (artifact id: '3c66b4eee6ebe69fc8815bba39c8181b') in 0.019939 seconds 
========================================================================
Received Import Request.
  Time since last request: 0.000384 seconds.
  path: Assets/Materials/playerChar2.fbx
  artifactKey: Guid(7fadeb4ae4afbfa4d90b0319c5ea5617) Importer(815301076,1909f56bfc062723c751e8b465ee728b)
Start importing Assets/Materials/playerChar2.fbx using Guid(7fadeb4ae4afbfa4d90b0319c5ea5617) Importer(815301076,1909f56bfc062723c751e8b465ee728b)  -> (artifact id: '83dfe9173aa5e8e781695346e723f7a0') in 0.026890 seconds 
========================================================================
Received Import Request.
  Time since last request: 0.000307 seconds.
  path: Assets/Materials/New Material 2.mat
  artifactKey: Guid(78e06ae0d6592284c8f70e0e898fe9c8) Importer(815301076,1909f56bfc062723c751e8b465ee728b)
Start importing Assets/Materials/New Material 2.mat using Guid(78e06ae0d6592284c8f70e0e898fe9c8) Importer(815301076,1909f56bfc062723c751e8b465ee728b)  -> (artifact id: '1bf96d7181aa1c089c4db661abfb9cea') in 0.014483 seconds 
========================================================================
Received Import Request.
  Time since last request: 0.000309 seconds.
  path: Assets/Materials/brige2.fbx
  artifactKey: Guid(4cc2bbac9aab01e43b96c53a0c5b8a1a) Importer(815301076,1909f56bfc062723c751e8b465ee728b)
Start importing Assets/Materials/brige2.fbx using Guid(4cc2bbac9aab01e43b96c53a0c5b8a1a) Importer(815301076,1909f56bfc062723c751e8b465ee728b)  -> (artifact id: '35eb51417e495fa2f3d9ad39a8975a3d') in 0.021697 seconds 
========================================================================
Received Import Request.
  Time since last request: 0.000260 seconds.
  path: Assets/Materials/New Material 4.mat
  artifactKey: Guid(53db13088f653a4499a57eb767ae9fd4) Importer(815301076,1909f56bfc062723c751e8b465ee728b)
Start importing Assets/Materials/New Material 4.mat using Guid(53db13088f653a4499a57eb767ae9fd4) Importer(815301076,1909f56bfc062723c751e8b465ee728b)  -> (artifact id: '6097818b55d3d87f225a88f24496708e') in 0.016176 seconds 
========================================================================
Received Import Request.
  Time since last request: 0.000255 seconds.
  path: Assets/Materials/brige3.fbx
  artifactKey: Guid(b02db003797931a4289153b62c59dd02) Importer(815301076,1909f56bfc062723c751e8b465ee728b)
Start importing Assets/Materials/brige3.fbx using Guid(b02db003797931a4289153b62c59dd02) Importer(815301076,1909f56bfc062723c751e8b465ee728b)  -> (artifact id: '6fe9e6bffea4304c73cc20b2f20f1df8') in 0.018004 seconds 
========================================================================
Received Import Request.
  Time since last request: 0.000273 seconds.
  path: Assets/Materials/New Material.mat
  artifactKey: Guid(b0890007d0f23f446b14b58feb6d21b3) Importer(815301076,1909f56bfc062723c751e8b465ee728b)
Start importing Assets/Materials/New Material.mat using Guid(b0890007d0f23f446b14b58feb6d21b3) Importer(815301076,1909f56bfc062723c751e8b465ee728b)  -> (artifact id: 'fc444c3a99f95f83a2b2159d664962c0') in 0.012564 seconds 
========================================================================
Received Import Request.
  Time since last request: 0.000214 seconds.
  path: Assets/Materials/playerChar4.fbx
  artifactKey: Guid(2c847eb7362b6bf45bb033d4c19965d5) Importer(815301076,1909f56bfc062723c751e8b465ee728b)
Start importing Assets/Materials/playerChar4.fbx using Guid(2c847eb7362b6bf45bb033d4c19965d5) Importer(815301076,1909f56bfc062723c751e8b465ee728b)  -> (artifact id: '4210aa0d7f2eea2b26925d70d43b963b') in 0.016728 seconds 
========================================================================
Received Import Request.
  Time since last request: 0.000257 seconds.
  path: Assets/Materials/wellWand3.fbx
  artifactKey: Guid(a423c7a396038b3429342ee109583452) Importer(815301076,1909f56bfc062723c751e8b465ee728b)
Start importing Assets/Materials/wellWand3.fbx using Guid(a423c7a396038b3429342ee109583452) Importer(815301076,1909f56bfc062723c751e8b465ee728b)  -> (artifact id: '8fe6be77aa4553f70365813de6ad542f') in 0.059967 seconds 
========================================================================
Received Import Request.
  Time since last request: 0.000202 seconds.
  path: Assets/Materials/New Physic Material.physicMaterial
  artifactKey: Guid(ac9ea2fdcd4583249bc925693494ceb2) Importer(815301076,1909f56bfc062723c751e8b465ee728b)
Start importing Assets/Materials/New Physic Material.physicMaterial using Guid(ac9ea2fdcd4583249bc925693494ceb2) Importer(815301076,1909f56bfc062723c751e8b465ee728b)  -> (artifact id: '6b48e8702eda0899ff1b52ad5964f12e') in 0.012073 seconds 
========================================================================
Received Import Request.
  Time since last request: 11.913378 seconds.
  path: Assets/Prefabs/bridge.fbx
  artifactKey: Guid(55ed3adce9d989244bd41762d0d6b824) Importer(815301076,1909f56bfc062723c751e8b465ee728b)
Start importing Assets/Prefabs/bridge.fbx using Guid(55ed3adce9d989244bd41762d0d6b824) Importer(815301076,1909f56bfc062723c751e8b465ee728b)  -> (artifact id: '71aa993bf413cb84580a5dc46eb45e2b') in 0.019967 seconds 
========================================================================
Received Import Request.
  Time since last request: 0.000371 seconds.
  path: Assets/Prefabs/estus2.png
  artifactKey: Guid(23b3861782668de4b89b87d7c2cea2cd) Importer(815301076,1909f56bfc062723c751e8b465ee728b)
Start importing Assets/Prefabs/estus2.png using Guid(23b3861782668de4b89b87d7c2cea2cd) Importer(815301076,1909f56bfc062723c751e8b465ee728b)  -> (artifact id: 'b0129a6bc1708d88d27da197a2507e71') in 0.018988 seconds 
========================================================================
Received Import Request.
  Time since last request: 0.000311 seconds.
  path: Assets/Prefabs/empty.prefab
  artifactKey: Guid(c95664e3b1aa25b4c9743fa905bb415b) Importer(815301076,1909f56bfc062723c751e8b465ee728b)
Start importing Assets/Prefabs/empty.prefab using Guid(c95664e3b1aa25b4c9743fa905bb415b) Importer(815301076,1909f56bfc062723c751e8b465ee728b)  -> (artifact id: '3856ba873013a0cbfc14ac18aa4f6558') in 0.019629 seconds 
========================================================================
Received Import Request.
  Time since last request: 0.000288 seconds.
  path: Assets/Prefabs/estus.png
  artifactKey: Guid(bf4edc4a1ea1f344ab4b4572f84a789c) Importer(815301076,1909f56bfc062723c751e8b465ee728b)
Start importing Assets/Prefabs/estus.png using Guid(bf4edc4a1ea1f344ab4b4572f84a789c) Importer(815301076,1909f56bfc062723c751e8b465ee728b)  -> (artifact id: 'a66c7a0aaae1ae505248498cbcd7af04') in 0.017440 seconds 
========================================================================
Received Import Request.
  Time since last request: 0.000380 seconds.
  path: Assets/Prefabs/fels2.fbx
  artifactKey: Guid(c5370321f5756e34bbf20f31cad2ec80) Importer(815301076,1909f56bfc062723c751e8b465ee728b)
Start importing Assets/Prefabs/fels2.fbx using Guid(c5370321f5756e34bbf20f31cad2ec80) Importer(815301076,1909f56bfc062723c751e8b465ee728b)  -> (artifact id: 'e0708868f760d045cad852429bf20360') in 0.023112 seconds 
========================================================================
Received Import Request.
  Time since last request: 0.000287 seconds.
  path: Assets/Prefabs/planks.prefab
  artifactKey: Guid(844cfbd7a28685645ad80d9eca1ae26f) Importer(815301076,1909f56bfc062723c751e8b465ee728b)
Start importing Assets/Prefabs/planks.prefab using Guid(844cfbd7a28685645ad80d9eca1ae26f) Importer(815301076,1909f56bfc062723c751e8b465ee728b)  -> (artifact id: '426beef842e97a518aadf179b48ad947') in 0.016463 seconds 
========================================================================
Received Import Request.
  Time since last request: 0.000334 seconds.
  path: Assets/Prefabs/brunnen8 1.prefab
  artifactKey: Guid(bc00e8474fca79649b3e421ccd05ffd0) Importer(815301076,1909f56bfc062723c751e8b465ee728b)
Start importing Assets/Prefabs/brunnen8 1.prefab using Guid(bc00e8474fca79649b3e421ccd05ffd0) Importer(815301076,1909f56bfc062723c751e8b465ee728b)  -> (artifact id: '6c8c4abddec1269922d1f71e79c02832') in 0.017078 seconds 
========================================================================
Received Import Request.
  Time since last request: 0.000426 seconds.
  path: Assets/Prefabs/fels.prefab
  artifactKey: Guid(c7d364e713645004c90de9e99b145676) Importer(815301076,1909f56bfc062723c751e8b465ee728b)
Start importing Assets/Prefabs/fels.prefab using Guid(c7d364e713645004c90de9e99b145676) Importer(815301076,1909f56bfc062723c751e8b465ee728b)  -> (artifact id: 'e317eb683f88fc358c8e444e74990df7') in 0.015301 seconds 
========================================================================
Received Import Request.
  Time since last request: 0.000262 seconds.
  path: Assets/Prefabs/window.prefab
  artifactKey: Guid(628a57f360fcbef4b98d4557911c9e8e) Importer(815301076,1909f56bfc062723c751e8b465ee728b)
Start importing Assets/Prefabs/window.prefab using Guid(628a57f360fcbef4b98d4557911c9e8e) Importer(815301076,1909f56bfc062723c751e8b465ee728b)  -> (artifact id: '8246a0d603447319178a23b4d6755e2d') in 0.017534 seconds 
========================================================================
Received Import Request.
  Time since last request: 0.000288 seconds.
  path: Assets/Prefabs/woodplank3s.fbx
  artifactKey: Guid(59d248bf450900e4eb9a956fd1ce0e73) Importer(815301076,1909f56bfc062723c751e8b465ee728b)
Start importing Assets/Prefabs/woodplank3s.fbx using Guid(59d248bf450900e4eb9a956fd1ce0e73) Importer(815301076,1909f56bfc062723c751e8b465ee728b)  -> (artifact id: 'd5ac5a697f3924c8c4b57a318043565b') in 0.019730 seconds 
========================================================================
Received Import Request.
  Time since last request: 0.000324 seconds.
  path: Assets/Prefabs/bridge.prefab
  artifactKey: Guid(b77045ee0f4f1124fa8919ea26a097fb) Importer(815301076,1909f56bfc062723c751e8b465ee728b)
Start importing Assets/Prefabs/bridge.prefab using Guid(b77045ee0f4f1124fa8919ea26a097fb) Importer(815301076,1909f56bfc062723c751e8b465ee728b)  -> (artifact id: '66d4b3e0de8bc99f09eab783f9374d3a') in 0.014076 seconds 
========================================================================
Received Import Request.
  Time since last request: 0.000252 seconds.
  path: Assets/Prefabs/felswall.fbx
  artifactKey: Guid(e96a6b5dfb640ee4bbe156a2fcc12583) Importer(815301076,1909f56bfc062723c751e8b465ee728b)
Start importing Assets/Prefabs/felswall.fbx using Guid(e96a6b5dfb640ee4bbe156a2fcc12583) Importer(815301076,1909f56bfc062723c751e8b465ee728b)  -> (artifact id: 'a3554b38c8f00fd98f7e82cde61042e2') in 0.064921 seconds 
========================================================================
Received Import Request.
  Time since last request: 0.000246 seconds.
  path: Assets/Prefabs/HugeCollider.prefab
  artifactKey: Guid(a409b722a4ab91741bbc694b57b96ca7) Importer(815301076,1909f56bfc062723c751e8b465ee728b)
Start importing Assets/Prefabs/HugeCollider.prefab using Guid(a409b722a4ab91741bbc694b57b96ca7) Importer(815301076,1909f56bfc062723c751e8b465ee728b)  -> (artifact id: '13ea120501cc099c39b1196cc7029635') in 0.012920 seconds 
========================================================================
Received Import Request.
  Time since last request: 0.000219 seconds.
  path: Assets/Prefabs/whitee.jpg
  artifactKey: Guid(1b08aadb4a29d3c4aaac0f2e0e7e6ff7) Importer(815301076,1909f56bfc062723c751e8b465ee728b)
Start importing Assets/Prefabs/whitee.jpg using Guid(1b08aadb4a29d3c4aaac0f2e0e7e6ff7) Importer(815301076,1909f56bfc062723c751e8b465ee728b)  -> (artifact id: 'ecb6440c6aeedaf5689fb5f186f37f26') in 0.019739 seconds 
========================================================================
Received Import Request.
  Time since last request: 0.000219 seconds.
  path: Assets/Prefabs/plank2.prefab
  artifactKey: Guid(c508948a3704aea44a6839ef3167edf4) Importer(815301076,1909f56bfc062723c751e8b465ee728b)
Start importing Assets/Prefabs/plank2.prefab using Guid(c508948a3704aea44a6839ef3167edf4) Importer(815301076,1909f56bfc062723c751e8b465ee728b)  -> (artifact id: '6a280ff0bbfac9854764e3f6844033af') in 0.014962 seconds 
========================================================================
Received Import Request.
  Time since last request: 0.072725 seconds.
  path: Assets/Models/brunnen8.fbx
  artifactKey: Guid(b877c7903fb9d5f479bca6c36e41d046) Importer(815301076,1909f56bfc062723c751e8b465ee728b)
Start importing Assets/Models/brunnen8.fbx using Guid(b877c7903fb9d5f479bca6c36e41d046) Importer(815301076,1909f56bfc062723c751e8b465ee728b)  -> (artifact id: '6cff58a654e3209fdc0f0bf88b3fdd32') in 0.017880 seconds 
========================================================================
Received Import Request.
  Time since last request: 0.000323 seconds.
  path: Assets/Models/playerChar.fbx
  artifactKey: Guid(9aa700db7010b6842b26b06a047e16e3) Importer(815301076,1909f56bfc062723c751e8b465ee728b)
Start importing Assets/Models/playerChar.fbx using Guid(9aa700db7010b6842b26b06a047e16e3) Importer(815301076,1909f56bfc062723c751e8b465ee728b)  -> (artifact id: '246b811444b5840e63fdc98b0fcbdcf5') in 0.020926 seconds 
========================================================================
Received Import Request.
  Time since last request: 3.904761 seconds.
  path: Assets/Sprites/blank.png
  artifactKey: Guid(bd1e5c0191429194ba9d4e45c588dd2c) Importer(815301076,1909f56bfc062723c751e8b465ee728b)
Start importing Assets/Sprites/blank.png using Guid(bd1e5c0191429194ba9d4e45c588dd2c) Importer(815301076,1909f56bfc062723c751e8b465ee728b)  -> (artifact id: '5ba9b1659f00b69384f733b43e2ccbb0') in 0.015291 seconds 
========================================================================
Received Import Request.
  Time since last request: 0.645147 seconds.
  path: Assets/Scenes/SampleScene/LightingData.asset
  artifactKey: Guid(cbe47b385f58ce9409b5341b53c731ff) Importer(815301076,1909f56bfc062723c751e8b465ee728b)
Start importing Assets/Scenes/SampleScene/LightingData.asset using Guid(cbe47b385f58ce9409b5341b53c731ff) Importer(815301076,1909f56bfc062723c751e8b465ee728b)  -> (artifact id: '62825314b4bdc0465987fa003ecaf6f7') in 0.009347 seconds 
========================================================================
Received Import Request.
  Time since last request: 0.000343 seconds.
  path: Assets/Scenes/SampleScene/ReflectionProbe-0.exr
  artifactKey: Guid(72212563b35b28b4baa901eccf2e507e) Importer(815301076,1909f56bfc062723c751e8b465ee728b)
Start importing Assets/Scenes/SampleScene/ReflectionProbe-0.exr using Guid(72212563b35b28b4baa901eccf2e507e) Importer(815301076,1909f56bfc062723c751e8b465ee728b)  -> (artifact id: 'e75a97c15fc3732de44d899934df63cf') in 0.055797 seconds 
========================================================================
Received Prepare
Registering precompiled user dll's ...
Registered in 0.002596 seconds.
Begin MonoManager ReloadAssembly
Native extension for WindowsStandalone target not found
Native extension for WebGL target not found
Refreshing native plugins compatible for Editor in 0.54 ms, found 1 plugins.
Preloading 0 native plugins for Editor in 0.00 ms.
Mono: successfully reloaded assembly
- Completed reload, in  1.169 seconds
Platform modules already initialized, skipping
Refreshing native plugins compatible for Editor in 0.64 ms, found 1 plugins.
Preloading 0 native plugins for Editor in 0.00 ms.
Unloading 2671 Unused Serialized files (Serialized files now loaded: 0)
System memory in use before: 125.2 MB.
System memory in use after: 125.4 MB.

Unloading 10 unused Assets to reduce memory usage. Loaded Objects now: 3304.
Total: 3.184600 ms (FindLiveObjects: 0.542400 ms CreateObjectMapping: 0.333900 ms MarkObjects: 2.254800 ms  DeleteObjects: 0.052300 ms)

========================================================================
Received Import Request.
  Time since last request: 84.073669 seconds.
  path: Assets/Scenes/mainScene.unity
  artifactKey: Guid(9fc0d4010bbf28b4594072e72b8655ab) Importer(815301076,1909f56bfc062723c751e8b465ee728b)
Start importing Assets/Scenes/mainScene.unity using Guid(9fc0d4010bbf28b4594072e72b8655ab) Importer(815301076,1909f56bfc062723c751e8b465ee728b)  -> (artifact id: 'bcbea541f3abb5953f33324ba302967a') in 0.028369 seconds 
========================================================================
Received Import Request.
  Time since last request: 1.073580 seconds.
  path: Assets/Scenes/SampleScene
  artifactKey: Guid(d1b2673cea6a9b74796b9ddb3ea77d7a) Importer(815301076,1909f56bfc062723c751e8b465ee728b)
Start importing Assets/Scenes/SampleScene using Guid(d1b2673cea6a9b74796b9ddb3ea77d7a) Importer(815301076,1909f56bfc062723c751e8b465ee728b)  -> (artifact id: '5562107be7b613c14397d377478e2e6a') in 0.009082 seconds 
========================================================================
Received Prepare
Registering precompiled user dll's ...
Registered in 0.002407 seconds.
Begin MonoManager ReloadAssembly
Native extension for WindowsStandalone target not found
Native extension for WebGL target not found
Refreshing native plugins compatible for Editor in 0.50 ms, found 1 plugins.
Preloading 0 native plugins for Editor in 0.00 ms.
Mono: successfully reloaded assembly
- Completed reload, in  1.137 seconds
Platform modules already initialized, skipping
Refreshing native plugins compatible for Editor in 0.54 ms, found 1 plugins.
Preloading 0 native plugins for Editor in 0.00 ms.
Unloading 2663 Unused Serialized files (Serialized files now loaded: 0)
System memory in use before: 124.9 MB.
System memory in use after: 125.2 MB.

Unloading 9 unused Assets to reduce memory usage. Loaded Objects now: 3307.
Total: 3.022800 ms (FindLiveObjects: 0.540900 ms CreateObjectMapping: 0.335000 ms MarkObjects: 2.092600 ms  DeleteObjects: 0.052700 ms)

========================================================================
Received Import Request.
  Time since last request: 252.215741 seconds.
  path: Assets/Materials/NoFrictionMat.physicMaterial
  artifactKey: Guid(ac9ea2fdcd4583249bc925693494ceb2) Importer(815301076,1909f56bfc062723c751e8b465ee728b)
Start importing Assets/Materials/NoFrictionMat.physicMaterial using Guid(ac9ea2fdcd4583249bc925693494ceb2) Importer(815301076,1909f56bfc062723c751e8b465ee728b)  -> (artifact id: '7c8d9901faa6b2df6d85465ee84c6f7a') in 0.019360 seconds 
========================================================================
Received Import Request.
  Time since last request: 17.680363 seconds.
  path: Assets/Materials/BottomMat.mat
  artifactKey: Guid(b0890007d0f23f446b14b58feb6d21b3) Importer(815301076,1909f56bfc062723c751e8b465ee728b)
Start importing Assets/Materials/BottomMat.mat using Guid(b0890007d0f23f446b14b58feb6d21b3) Importer(815301076,1909f56bfc062723c751e8b465ee728b)  -> (artifact id: '161aea63701d5d914d69fd8a21214b8b') in 0.062640 seconds 
========================================================================
Received Import Request.
  Time since last request: 0.000312 seconds.
  path: Assets/Materials/PlayerMat.mat
  artifactKey: Guid(918fe02bc46bf524c9b8641f972514a3) Importer(815301076,1909f56bfc062723c751e8b465ee728b)
Start importing Assets/Materials/PlayerMat.mat using Guid(918fe02bc46bf524c9b8641f972514a3) Importer(815301076,1909f56bfc062723c751e8b465ee728b)  -> (artifact id: 'e26d07971a12fec61082ee8958cd50f1') in 0.016200 seconds 
========================================================================
Received Import Request.
  Time since last request: 0.000420 seconds.
  path: Assets/Materials/WoodMat.mat
  artifactKey: Guid(417e33d5a6f1ec946abafc9411133591) Importer(815301076,1909f56bfc062723c751e8b465ee728b)
Start importing Assets/Materials/WoodMat.mat using Guid(417e33d5a6f1ec946abafc9411133591) Importer(815301076,1909f56bfc062723c751e8b465ee728b)  -> (artifact id: '41efa96b2a5795ffe94234f735edbfe7') in 0.019981 seconds 
========================================================================
Received Import Request.
  Time since last request: 0.000436 seconds.
  path: Assets/Materials/GroundMat.mat
  artifactKey: Guid(78e06ae0d6592284c8f70e0e898fe9c8) Importer(815301076,1909f56bfc062723c751e8b465ee728b)
Start importing Assets/Materials/GroundMat.mat using Guid(78e06ae0d6592284c8f70e0e898fe9c8) Importer(815301076,1909f56bfc062723c751e8b465ee728b)  -> (artifact id: 'ce90fe48d6ee4f3ff8f54781529ab131') in 0.016340 seconds 
========================================================================
Received Import Request.
  Time since last request: 0.000308 seconds.
  path: Assets/Materials/StoneMat.mat
  artifactKey: Guid(53db13088f653a4499a57eb767ae9fd4) Importer(815301076,1909f56bfc062723c751e8b465ee728b)
Start importing Assets/Materials/StoneMat.mat using Guid(53db13088f653a4499a57eb767ae9fd4) Importer(815301076,1909f56bfc062723c751e8b465ee728b)  -> (artifact id: '4634ea866586cc04588a102af0550b4b') in 0.014770 seconds 
========================================================================
Received Import Request.
  Time since last request: 0.000321 seconds.
  path: Assets/Materials/NoFrictionMat.physicMaterial
  artifactKey: Guid(ac9ea2fdcd4583249bc925693494ceb2) Importer(815301076,1909f56bfc062723c751e8b465ee728b)
Start importing Assets/Materials/NoFrictionMat.physicMaterial using Guid(ac9ea2fdcd4583249bc925693494ceb2) Importer(815301076,1909f56bfc062723c751e8b465ee728b)  -> (artifact id: 'fc46836675e6d3a5a1aea038d9b41d9d') in 0.002820 seconds 
========================================================================
Received Import Request.
  Time since last request: 19.857975 seconds.
  path: Assets/Sprites/EstusSprite.png
  artifactKey: Guid(23b3861782668de4b89b87d7c2cea2cd) Importer(815301076,1909f56bfc062723c751e8b465ee728b)
Start importing Assets/Sprites/EstusSprite.png using Guid(23b3861782668de4b89b87d7c2cea2cd) Importer(815301076,1909f56bfc062723c751e8b465ee728b)  -> (artifact id: '66dc067589aa073b9da5724585e806ce') in 0.036430 seconds 
========================================================================
Received Import Request.
  Time since last request: 3.480003 seconds.
  path: Assets/Sprites/Blank.jpg
  artifactKey: Guid(1b08aadb4a29d3c4aaac0f2e0e7e6ff7) Importer(815301076,1909f56bfc062723c751e8b465ee728b)
Start importing Assets/Sprites/Blank.jpg using Guid(1b08aadb4a29d3c4aaac0f2e0e7e6ff7) Importer(815301076,1909f56bfc062723c751e8b465ee728b)  -> (artifact id: '8e1cd904f49471f287bdb7b46dc18f33') in 0.097456 seconds 
========================================================================
Received Import Request.
  Time since last request: 4.213864 seconds.
  path: Assets/Sprites/BlankSprite.jpg
  artifactKey: Guid(1b08aadb4a29d3c4aaac0f2e0e7e6ff7) Importer(815301076,1909f56bfc062723c751e8b465ee728b)
Start importing Assets/Sprites/BlankSprite.jpg using Guid(1b08aadb4a29d3c4aaac0f2e0e7e6ff7) Importer(815301076,1909f56bfc062723c751e8b465ee728b)  -> (artifact id: '4c39e0af52cfb5c26e120e01b267f532') in 0.113621 seconds 
========================================================================
Received Import Request.
  Time since last request: 53.804441 seconds.
  path: Assets/Models/planks.fbx
  artifactKey: Guid(59d248bf450900e4eb9a956fd1ce0e73) Importer(815301076,1909f56bfc062723c751e8b465ee728b)
Start importing Assets/Models/planks.fbx using Guid(59d248bf450900e4eb9a956fd1ce0e73) Importer(815301076,1909f56bfc062723c751e8b465ee728b)  -> (artifact id: '6af5c4b8a430059eef7a082260be40c2') in 0.048140 seconds 
========================================================================
Received Import Request.
  Time since last request: 3.464999 seconds.
  path: Assets/Models/ground.fbx
  artifactKey: Guid(7e7965f746d78484fa60aa5940075eff) Importer(815301076,1909f56bfc062723c751e8b465ee728b)
Start importing Assets/Models/ground.fbx using Guid(7e7965f746d78484fa60aa5940075eff) Importer(815301076,1909f56bfc062723c751e8b465ee728b)  -> (artifact id: 'c536836a9f57ab4c0a2a769bde176988') in 0.023033 seconds 
========================================================================
Received Import Request.
  Time since last request: 10.990121 seconds.
  path: Assets/Models/cliff.fbx
  artifactKey: Guid(c5370321f5756e34bbf20f31cad2ec80) Importer(815301076,1909f56bfc062723c751e8b465ee728b)
Start importing Assets/Models/cliff.fbx using Guid(c5370321f5756e34bbf20f31cad2ec80) Importer(815301076,1909f56bfc062723c751e8b465ee728b)  -> (artifact id: '24fe0e21a788b17a4b9e6c3a269f1c2e') in 0.023273 seconds 
========================================================================
Received Import Request.
  Time since last request: 6.724730 seconds.
  path: Assets/Models/wellRing.fbx
  artifactKey: Guid(b877c7903fb9d5f479bca6c36e41d046) Importer(815301076,1909f56bfc062723c751e8b465ee728b)
Start importing Assets/Models/wellRing.fbx using Guid(b877c7903fb9d5f479bca6c36e41d046) Importer(815301076,1909f56bfc062723c751e8b465ee728b)  -> (artifact id: '404a6c94a4c1dc67a2cf03474d205c2c') in 0.024010 seconds 
========================================================================
Received Import Request.
  Time since last request: 4.573168 seconds.
  path: Assets/Models/stoneBridge.fbx
  artifactKey: Guid(b02db003797931a4289153b62c59dd02) Importer(815301076,1909f56bfc062723c751e8b465ee728b)
Start importing Assets/Models/stoneBridge.fbx using Guid(b02db003797931a4289153b62c59dd02) Importer(815301076,1909f56bfc062723c751e8b465ee728b)  -> (artifact id: 'c6c35091564554836393f473181b8937') in 0.023995 seconds 
========================================================================
Received Import Request.
  Time since last request: 8.398384 seconds.
  path: Assets/Models/arc.fbx
  artifactKey: Guid(879a327b1ad235f4cbc662fc3d7209ed) Importer(815301076,1909f56bfc062723c751e8b465ee728b)
Start importing Assets/Models/arc.fbx using Guid(879a327b1ad235f4cbc662fc3d7209ed) Importer(815301076,1909f56bfc062723c751e8b465ee728b)  -> (artifact id: 'f1af9494b8f87dcdbf4e034e4d87ebc4') in 0.029638 seconds 
========================================================================
Received Import Request.
  Time since last request: 2.905928 seconds.
  path: Assets/Prefabs/bridge.prefab
  artifactKey: Guid(b77045ee0f4f1124fa8919ea26a097fb) Importer(815301076,1909f56bfc062723c751e8b465ee728b)
Start importing Assets/Prefabs/bridge.prefab using Guid(b77045ee0f4f1124fa8919ea26a097fb) Importer(815301076,1909f56bfc062723c751e8b465ee728b)  -> (artifact id: '8694aa55b01a2e7538ef362a28cc0ee1') in 0.013254 seconds 
========================================================================
Received Import Request.
  Time since last request: 0.000271 seconds.
  path: Assets/Prefabs/planks.prefab
  artifactKey: Guid(844cfbd7a28685645ad80d9eca1ae26f) Importer(815301076,1909f56bfc062723c751e8b465ee728b)
Start importing Assets/Prefabs/planks.prefab using Guid(844cfbd7a28685645ad80d9eca1ae26f) Importer(815301076,1909f56bfc062723c751e8b465ee728b)  -> (artifact id: 'bc0665638c8f4b8567541bd93fcae190') in 0.011490 seconds 
========================================================================
Received Import Request.
  Time since last request: 0.000428 seconds.
  path: Assets/Prefabs/fels.prefab
  artifactKey: Guid(c7d364e713645004c90de9e99b145676) Importer(815301076,1909f56bfc062723c751e8b465ee728b)
Start importing Assets/Prefabs/fels.prefab using Guid(c7d364e713645004c90de9e99b145676) Importer(815301076,1909f56bfc062723c751e8b465ee728b)  -> (artifact id: '3d983a79d86625297a111cd1f3c84c17') in 0.011492 seconds 
========================================================================
Received Import Request.
  Time since last request: 0.000306 seconds.
  path: Assets/Prefabs/window.prefab
  artifactKey: Guid(628a57f360fcbef4b98d4557911c9e8e) Importer(815301076,1909f56bfc062723c751e8b465ee728b)
Start importing Assets/Prefabs/window.prefab using Guid(628a57f360fcbef4b98d4557911c9e8e) Importer(815301076,1909f56bfc062723c751e8b465ee728b)  -> (artifact id: '184aaac4f23e9a022c44ad19aa44bdbc') in 0.018137 seconds 
========================================================================
Received Import Request.
  Time since last request: 0.000331 seconds.
  path: Assets/Prefabs/plank2.prefab
  artifactKey: Guid(c508948a3704aea44a6839ef3167edf4) Importer(815301076,1909f56bfc062723c751e8b465ee728b)
Start importing Assets/Prefabs/plank2.prefab using Guid(c508948a3704aea44a6839ef3167edf4) Importer(815301076,1909f56bfc062723c751e8b465ee728b)  -> (artifact id: 'c6f54c99a74d4d242960ba732487fac5') in 0.016158 seconds 
========================================================================
Received Prepare
Registering precompiled user dll's ...
Registered in 0.002557 seconds.
Begin MonoManager ReloadAssembly
Native extension for WindowsStandalone target not found
Native extension for WebGL target not found
Refreshing native plugins compatible for Editor in 0.59 ms, found 1 plugins.
Preloading 0 native plugins for Editor in 0.00 ms.
Mono: successfully reloaded assembly
- Completed reload, in  1.158 seconds
Platform modules already initialized, skipping
Refreshing native plugins compatible for Editor in 0.53 ms, found 1 plugins.
Preloading 0 native plugins for Editor in 0.00 ms.
Unloading 2663 Unused Serialized files (Serialized files now loaded: 0)
System memory in use before: 126.3 MB.
System memory in use after: 126.6 MB.

Unloading 10 unused Assets to reduce memory usage. Loaded Objects now: 3353.
Total: 3.462300 ms (FindLiveObjects: 0.351200 ms CreateObjectMapping: 0.176200 ms MarkObjects: 2.890300 ms  DeleteObjects: 0.042600 ms)

========================================================================
Received Import Request.
  Time since last request: 106.497856 seconds.
  path: Assets/Prefabs/bridge.prefab
  artifactKey: Guid(b77045ee0f4f1124fa8919ea26a097fb) Importer(815301076,1909f56bfc062723c751e8b465ee728b)
Start importing Assets/Prefabs/bridge.prefab using Guid(b77045ee0f4f1124fa8919ea26a097fb) Importer(815301076,1909f56bfc062723c751e8b465ee728b)  -> (artifact id: '8691aed5e43d5390f4189b8f5ba22564') in 0.055863 seconds 
========================================================================
Received Import Request.
  Time since last request: 11.599126 seconds.
  path: Assets/Prefabs/wellArc.prefab
  artifactKey: Guid(628a57f360fcbef4b98d4557911c9e8e) Importer(815301076,1909f56bfc062723c751e8b465ee728b)
Start importing Assets/Prefabs/wellArc.prefab using Guid(628a57f360fcbef4b98d4557911c9e8e) Importer(815301076,1909f56bfc062723c751e8b465ee728b)  -> (artifact id: '883868f9cd7dad0f7948f3da90aae313') in 0.019790 seconds 
========================================================================
Received Import Request.
  Time since last request: 6.733834 seconds.
  path: Assets/Prefabs/wellPlanks.prefab
  artifactKey: Guid(844cfbd7a28685645ad80d9eca1ae26f) Importer(815301076,1909f56bfc062723c751e8b465ee728b)
Start importing Assets/Prefabs/wellPlanks.prefab using Guid(844cfbd7a28685645ad80d9eca1ae26f) Importer(815301076,1909f56bfc062723c751e8b465ee728b)  -> (artifact id: '699c49d19b045037e7668b957c638a8b') in 0.014543 seconds 
========================================================================
Received Import Request.
  Time since last request: 8.010759 seconds.
  path: Assets/Prefabs/wellSinglePlankl.prefab
  artifactKey: Guid(c508948a3704aea44a6839ef3167edf4) Importer(815301076,1909f56bfc062723c751e8b465ee728b)
Start importing Assets/Prefabs/wellSinglePlankl.prefab using Guid(c508948a3704aea44a6839ef3167edf4) Importer(815301076,1909f56bfc062723c751e8b465ee728b)  -> (artifact id: 'fa4b35dead8adaee193c29f7bd4150db') in 0.017966 seconds 
========================================================================
Received Import Request.
  Time since last request: 3.076367 seconds.
  path: Assets/Prefabs/wellCliff.prefab
  artifactKey: Guid(c7d364e713645004c90de9e99b145676) Importer(815301076,1909f56bfc062723c751e8b465ee728b)
Start importing Assets/Prefabs/wellCliff.prefab using Guid(c7d364e713645004c90de9e99b145676) Importer(815301076,1909f56bfc062723c751e8b465ee728b)  -> (artifact id: '356ea1f3f6cc44225b31c1eb88ed2ad3') in 0.018315 seconds 
========================================================================
Received Import Request.
  Time since last request: 4.375169 seconds.
  path: Assets/Prefabs/wellEmpty.prefab
  artifactKey: Guid(c95664e3b1aa25b4c9743fa905bb415b) Importer(815301076,1909f56bfc062723c751e8b465ee728b)
Start importing Assets/Prefabs/wellEmpty.prefab using Guid(c95664e3b1aa25b4c9743fa905bb415b) Importer(815301076,1909f56bfc062723c751e8b465ee728b)  -> (artifact id: 'c85817f5d0951e3f783e6f8b9ff15017') in 0.018466 seconds 
========================================================================
Received Import Request.
  Time since last request: 23.477486 seconds.
  path: Assets/Prefabs
  artifactKey: Guid(6088a34509e078e4bac6cc7b4cab9a5a) Importer(815301076,1909f56bfc062723c751e8b465ee728b)
Start importing Assets/Prefabs using Guid(6088a34509e078e4bac6cc7b4cab9a5a) Importer(815301076,1909f56bfc062723c751e8b465ee728b)  -> (artifact id: '34ad291aa64633763467285b82c68b1d') in 0.010208 seconds 
========================================================================
Received Import Request.
  Time since last request: 33.549894 seconds.
  path: Assets/Prefabs/bridge.prefab
  artifactKey: Guid(b77045ee0f4f1124fa8919ea26a097fb) Importer(815301076,1909f56bfc062723c751e8b465ee728b)
Start importing Assets/Prefabs/bridge.prefab using Guid(b77045ee0f4f1124fa8919ea26a097fb) Importer(815301076,1909f56bfc062723c751e8b465ee728b)  -> (artifact id: 'cb18002c0e1bdeb00df443a29a9b29a0') in 0.013104 seconds 
========================================================================
Received Import Request.
  Time since last request: 3.698757 seconds.
  path: Assets/Prefabs/bridge.prefab
  artifactKey: Guid(b77045ee0f4f1124fa8919ea26a097fb) Importer(815301076,1909f56bfc062723c751e8b465ee728b)
Start importing Assets/Prefabs/bridge.prefab using Guid(b77045ee0f4f1124fa8919ea26a097fb) Importer(815301076,1909f56bfc062723c751e8b465ee728b)  -> (artifact id: 'c53435aa6cfad896a4e36e120114fa7b') in 0.010770 seconds 
========================================================================
Received Import Request.
  Time since last request: 52.219192 seconds.
  path: Assets/Materials
  artifactKey: Guid(2fcdd033c6c22dd42b522a036ed7fefc) Importer(815301076,1909f56bfc062723c751e8b465ee728b)
Start importing Assets/Materials using Guid(2fcdd033c6c22dd42b522a036ed7fefc) Importer(815301076,1909f56bfc062723c751e8b465ee728b)  -> (artifact id: '635662ef4037c12469478e3c529d5daa') in 0.010026 seconds 
========================================================================
Received Import Request.
  Time since last request: 61.724195 seconds.
  path: Assets/Prefabs/bridge.prefab
  artifactKey: Guid(b77045ee0f4f1124fa8919ea26a097fb) Importer(815301076,1909f56bfc062723c751e8b465ee728b)
Start importing Assets/Prefabs/bridge.prefab using Guid(b77045ee0f4f1124fa8919ea26a097fb) Importer(815301076,1909f56bfc062723c751e8b465ee728b)  -> (artifact id: '8be4ca805299d898886ef3a758653806') in 0.015807 seconds 
========================================================================
Received Prepare
Registering precompiled user dll's ...
Registered in 0.002356 seconds.
Begin MonoManager ReloadAssembly
Native extension for WindowsStandalone target not found
Native extension for WebGL target not found
Refreshing native plugins compatible for Editor in 0.50 ms, found 1 plugins.
Preloading 0 native plugins for Editor in 0.00 ms.
Mono: successfully reloaded assembly
- Completed reload, in  1.136 seconds
Platform modules already initialized, skipping
Refreshing native plugins compatible for Editor in 1.22 ms, found 1 plugins.
Preloading 0 native plugins for Editor in 0.00 ms.
Unloading 2663 Unused Serialized files (Serialized files now loaded: 0)
System memory in use before: 126.4 MB.
System memory in use after: 126.6 MB.

Unloading 9 unused Assets to reduce memory usage. Loaded Objects now: 3357.
Total: 5.990100 ms (FindLiveObjects: 1.213300 ms CreateObjectMapping: 0.459700 ms MarkObjects: 4.282300 ms  DeleteObjects: 0.032900 ms)

========================================================================
Received Import Request.
  Time since last request: 7.138844 seconds.
  path: Assets/Prefabs/bridge.prefab
  artifactKey: Guid(b77045ee0f4f1124fa8919ea26a097fb) Importer(815301076,1909f56bfc062723c751e8b465ee728b)
Start importing Assets/Prefabs/bridge.prefab using Guid(b77045ee0f4f1124fa8919ea26a097fb) Importer(815301076,1909f56bfc062723c751e8b465ee728b)  -> (artifact id: '3837f18b3d9b5e0ba5c9b135fde1201f') in 0.060318 seconds 
========================================================================
Received Import Request.
  Time since last request: 3.165745 seconds.
  path: Assets/Prefabs/bridge.prefab
  artifactKey: Guid(b77045ee0f4f1124fa8919ea26a097fb) Importer(815301076,1909f56bfc062723c751e8b465ee728b)
Start importing Assets/Prefabs/bridge.prefab using Guid(b77045ee0f4f1124fa8919ea26a097fb) Importer(815301076,1909f56bfc062723c751e8b465ee728b)  -> (artifact id: 'b70c5cd74906329d2fadda751ba5d5ac') in 0.012863 seconds 
========================================================================
Received Import Request.
  Time since last request: 9.040897 seconds.
  path: Assets/Prefabs/wellBridge.prefab
  artifactKey: Guid(b77045ee0f4f1124fa8919ea26a097fb) Importer(815301076,1909f56bfc062723c751e8b465ee728b)
Start importing Assets/Prefabs/wellBridge.prefab using Guid(b77045ee0f4f1124fa8919ea26a097fb) Importer(815301076,1909f56bfc062723c751e8b465ee728b)  -> (artifact id: '3851a3a97ef9aa5620abaf91df00439e') in 0.017128 seconds 
========================================================================
Received Prepare
Registering precompiled user dll's ...
Registered in 0.002312 seconds.
Begin MonoManager ReloadAssembly
Native extension for WindowsStandalone target not found
Native extension for WebGL target not found
Refreshing native plugins compatible for Editor in 0.50 ms, found 1 plugins.
Preloading 0 native plugins for Editor in 0.00 ms.
Mono: successfully reloaded assembly
- Completed reload, in  1.101 seconds
Platform modules already initialized, skipping
Refreshing native plugins compatible for Editor in 0.68 ms, found 1 plugins.
Preloading 0 native plugins for Editor in 0.00 ms.
Unloading 2663 Unused Serialized files (Serialized files now loaded: 0)
System memory in use before: 126.4 MB.
System memory in use after: 126.6 MB.

Unloading 9 unused Assets to reduce memory usage. Loaded Objects now: 3361.
Total: 2.979300 ms (FindLiveObjects: 0.369100 ms CreateObjectMapping: 0.189300 ms MarkObjects: 2.384200 ms  DeleteObjects: 0.035500 ms)

========================================================================
Received Import Request.
  Time since last request: 43.092565 seconds.
  path: Assets/Prefabs/wellBridge.prefab
  artifactKey: Guid(b77045ee0f4f1124fa8919ea26a097fb) Importer(815301076,1909f56bfc062723c751e8b465ee728b)
Start importing Assets/Prefabs/wellBridge.prefab using Guid(b77045ee0f4f1124fa8919ea26a097fb) Importer(815301076,1909f56bfc062723c751e8b465ee728b)  -> (artifact id: 'c06e02ddb0dff8685b4d227ef77ae659') in 0.060288 seconds 
========================================================================
Received Import Request.
  Time since last request: 1.081863 seconds.
  path: Assets/Prefabs/wellBridge.prefab
  artifactKey: Guid(b77045ee0f4f1124fa8919ea26a097fb) Importer(815301076,1909f56bfc062723c751e8b465ee728b)
Start importing Assets/Prefabs/wellBridge.prefab using Guid(b77045ee0f4f1124fa8919ea26a097fb) Importer(815301076,1909f56bfc062723c751e8b465ee728b)  -> (artifact id: '5c022bbb3236b1f1c174c3a572f1d40d') in 0.009331 seconds 
========================================================================
Received Import Request.
  Time since last request: 5.646821 seconds.
  path: Assets/Prefabs/wellBridge.prefab
  artifactKey: Guid(b77045ee0f4f1124fa8919ea26a097fb) Importer(815301076,1909f56bfc062723c751e8b465ee728b)
Start importing Assets/Prefabs/wellBridge.prefab using Guid(b77045ee0f4f1124fa8919ea26a097fb) Importer(815301076,1909f56bfc062723c751e8b465ee728b)  -> (artifact id: 'e54e7d8b4ce8086363a5904ff1bcf869') in 0.010310 seconds 
========================================================================
Received Import Request.
  Time since last request: 281.547317 seconds.
  path: Assets/Scenes/mainScene
  artifactKey: Guid(fd1bb516734596c4eb2bad1df512458a) Importer(815301076,1909f56bfc062723c751e8b465ee728b)
Start importing Assets/Scenes/mainScene using Guid(fd1bb516734596c4eb2bad1df512458a) Importer(815301076,1909f56bfc062723c751e8b465ee728b)  -> (artifact id: '491dac386a924c068af811d168853fac') in 0.007428 seconds 
========================================================================
Received Import Request.
  Time since last request: 0.023884 seconds.
  path: Assets/Scenes/mainScene/LightingData.asset
  artifactKey: Guid(a1b4162d8777eaa428fdff01d5c8b532) Importer(815301076,1909f56bfc062723c751e8b465ee728b)
Start importing Assets/Scenes/mainScene/LightingData.asset using Guid(a1b4162d8777eaa428fdff01d5c8b532) Importer(815301076,1909f56bfc062723c751e8b465ee728b)  -> (artifact id: 'c8a04468037b4265078923211f70128f') in 0.003906 seconds 
========================================================================
Received Import Request.
  Time since last request: 0.000418 seconds.
  path: Assets/Scenes/mainScene/ReflectionProbe-0.exr
  artifactKey: Guid(03b84cb6e393c264092fcc32c22512b0) Importer(815301076,1909f56bfc062723c751e8b465ee728b)
Start importing Assets/Scenes/mainScene/ReflectionProbe-0.exr using Guid(03b84cb6e393c264092fcc32c22512b0) Importer(815301076,1909f56bfc062723c751e8b465ee728b)  -> (artifact id: '50cec44096ec6e012d4e71f4b191d449') in 0.036982 seconds 
========================================================================
Received Prepare
Registering precompiled user dll's ...
Registered in 0.002410 seconds.
Begin MonoManager ReloadAssembly
Native extension for WindowsStandalone target not found
Native extension for WebGL target not found
Refreshing native plugins compatible for Editor in 0.74 ms, found 1 plugins.
Preloading 0 native plugins for Editor in 0.00 ms.
Mono: successfully reloaded assembly
- Completed reload, in  1.145 seconds
Platform modules already initialized, skipping
Refreshing native plugins compatible for Editor in 0.60 ms, found 1 plugins.
Preloading 0 native plugins for Editor in 0.00 ms.
Unloading 2664 Unused Serialized files (Serialized files now loaded: 0)
System memory in use before: 127.0 MB.
System memory in use after: 127.2 MB.

Unloading 9 unused Assets to reduce memory usage. Loaded Objects now: 3380.
Total: 2.627400 ms (FindLiveObjects: 0.384400 ms CreateObjectMapping: 0.146500 ms MarkObjects: 2.039500 ms  DeleteObjects: 0.055900 ms)

AssetImportWorkerClient::OnTransportError - code=2 error=End of file
